<?xml version="1.0" encoding="UTF-8"?>
<beans xmlns="http://www.springframework.org/schema/beans"
       xmlns:xsi="http://www.w3.org/2001/XMLSchema-instance"
       xmlns:context="http://www.springframework.org/schema/context"
       xmlns:aop="http://www.springframework.org/schema/aop"
       xsi:schemaLocation="http://www.springframework.org/schema/aop http://www.springframework.org/schema/aop/spring-aop-4.0.xsd
              http://www.springframework.org/schema/beans http://www.springframework.org/schema/beans/spring-beans.xsd
                http://www.springframework.org/schema/context http://www.springframework.org/schema/context/spring-context-4.0.xsd
                ">

    <aop:aspectj-autoproxy/>

    <context:property-placeholder location="classpath:/com/fastretailing/dcp/common/api/message.properties, classpath:/com/fastretailing/dcp/common/api/client/client_test_setting.properties"/>
    <bean id="commonUtility" class="com.fastretailing.dcp.common.util.CommonUtility">
    </bean>

    <context:component-scan base-package="com.fastretailing.dcp.common.util"/>
    <context:component-scan base-package="com.fastretailing.dcp.common.api.hmac" />

    <!-- Message -->
    <bean id="messageSource" class="org.springframework.context.support.ResourceBundleMessageSource">
        <property name="basenames">
            <list>
                <value>com.fastretailing.dcp.common.api.message</value>
            </list>
        </property>
    </bean>

</beans>
