<?xml version="1.0" encoding="UTF-8"?>
<beans xmlns="http://www.springframework.org/schema/beans"
       xmlns:xsi="http://www.w3.org/2001/XMLSchema-instance"
       xmlns:context="http://www.springframework.org/schema/context"
       xmlns:p="http://www.springframework.org/schema/p"
       xmlns:cache="http://www.springframework.org/schema/cache"
       xsi:schemaLocation="http://www.springframework.org/schema/beans http://www.springframework.org/schema/beans/spring-beans.xsd
            http://www.springframework.org/schema/context http://www.springframework.org/schema/context/spring-context.xsd
              http://www.springframework.org/schema/cache http://www.springframework.org/schema/cache/spring-cache.xsd">

    <context:component-scan base-package="com.fastretailing.dcp.common.aws.cloudwatch"/>
    <context:property-placeholder location="classpath:/com/fastretailing/dcp/common/aws/cloudwatch/*.properties"/>
    <!-- Message -->
    <bean id="messageSource" class="org.springframework.context.support.ResourceBundleMessageSource">
        <property name="basenames">
            <list>
                <value>com.fastretailing.dcp.common.aws.common.message</value>
            </list>
        </property>
    </bean>
    <bean id="commonUtility" class="com.fastretailing.dcp.common.util.CommonUtility">
    </bean>

    <bean id="omsAmazonCloudWatchClientConfiguration" class="com.fastretailing.dcp.common.aws.cloudwatch.OmsAmazonCloudWatchClientConfiguration">
    </bean>
</beans>