<?xml version="1.0" encoding="UTF-8"?>
<beans xmlns:xsi="http://www.w3.org/2001/XMLSchema-instance" 
       xmlns="http://www.springframework.org/schema/beans" 
       xmlns:context="http://www.springframework.org/schema/context"
       xmlns:mvc="http://www.springframework.org/schema/mvc"  
       xsi:schemaLocation="
        http://www.springframework.org/schema/mvc
        http://www.springframework.org/schema/mvc/spring-mvc.xsd
        http://www.springframework.org/schema/beans 
        http://www.springframework.org/schema/beans/spring-beans.xsd
        http://www.springframework.org/schema/context 
        http://www.springframework.org/schema/context/spring-context.xsd">


    <context:property-placeholder location="classpath:/com/fastretailing/dcp/common/web/messages.properties, classpath:/com/fastretailing/dcp/common/web/handler/app.properties"/>
    <mvc:annotation-driven/>
    <mvc:default-servlet-handler/>

    <bean id="commonUtility" class="com.fastretailing.dcp.common.util.CommonUtility">
    </bean>
    <bean id="resultObjectUtility" class="com.fastretailing.dcp.common.util.ResultObjectUtility">
    </bean>

    <bean id="apiExceptionHandler" class="com.fastretailing.dcp.common.web.handler.ApiExceptionHandler">
    </bean>
    <bean id="MagnitudeRelation" class="com.fastretailing.dcp.common.validation.validator.MagnitudeRelationValidator">
    </bean>

    <context:component-scan base-package="com.fastretailing.dcp.common.validation"/>

    <!-- Message -->
    <bean id="messageSource" class="org.springframework.context.support.ResourceBundleMessageSource">
        <property name="basenames">
            <list>
                <value>com.fastretailing.dcp.common.web.messages</value>
                <value>com.fastretailing.dcp.common.web.handler.app</value>
                <value>com.fastretailing.dcp.common.web.handler.validation-messages-default</value>
            </list>
        </property>
    </bean>

</beans>